#
# A fatal error has been detected by the Java Runtime Environment:
#
#  EXCEPTION_ACCESS_VIOLATION (0xc0000005) at pc=0x00007ffd931f618c, pid=7976, tid=15916
#
# JRE version: Java(TM) SE Runtime Environment (16.0.1+9) (build 16.0.1+9-24)
# Java VM: Java HotSpot(TM) 64-Bit Server VM (16.0.1+9-24, mixed mode, sharing, tiered, compressed oops, compressed class ptrs, g1 gc, windows-amd64)
# Problematic frame:
# V  [jvm.dll+0x6e618c]
#
# No core dump will be written. Minidumps are not enabled by default on client versions of Windows
#
# If you would like to submit a bug report, please visit:
#   https://bugreport.java.com/bugreport/crash.jsp
#

---------------  S U M M A R Y ------------

Command Line: -XX:+ShowCodeDetailsInExceptionMessages -agentlib:jdwp=transport=dt_socket,suspend=y,address=localhost:49631 -javaagent:C:\Users\logan\eclipse\java-2021-06\eclipse\configuration\org.eclipse.osgi\222\0\.cp\lib\javaagent-shaded.jar -Dfile.encoding=Cp1252 insertionSort

Host: Intel(R) Core(TM) i7-8750H CPU @ 2.20GHz, 12 cores, 15G,  Windows 10 , 64 bit Build 19041 (10.0.19041.1889)
Time: Mon Aug 29 12:37:09 2022 Eastern Daylight Time elapsed time: 786.768839 seconds (0d 0h 13m 6s)

---------------  T H R E A D  ---------------

Current thread (0x0000029bd63ffb20):  VMThread "VM Thread" [stack: 0x000000af79500000,0x000000af79600000] [id=15916]

Stack: [0x000000af79500000,0x000000af79600000],  sp=0x000000af795fecb0,  free space=1019k
Native frames: (J=compiled Java code, j=interpreted, Vv=VM code, C=native code)
V  [jvm.dll+0x6e618c]
V  [jvm.dll+0x32d55f]
V  [jvm.dll+0x32f6a5]
V  [jvm.dll+0x32fd1e]
V  [jvm.dll+0x32d39f]
V  [jvm.dll+0x32c627]
V  [jvm.dll+0x6572ce]
V  [jvm.dll+0x656fd3]
V  [jvm.dll+0x61c848]
V  [jvm.dll+0x7c1e55]
V  [jvm.dll+0x520b76]
V  [jvm.dll+0x7d05eb]
V  [jvm.dll+0x7d12e4]
V  [jvm.dll+0x7d17e9]
V  [jvm.dll+0x7d1aa4]
V  [jvm.dll+0x7d1b70]
V  [jvm.dll+0x779b4a]
V  [jvm.dll+0x667666]
C  [ucrtbase.dll+0x21bb2]
C  [KERNEL32.DLL+0x17034]
C  [ntdll.dll+0x52651]


siginfo: EXCEPTION_ACCESS_VIOLATION (0xc0000005), reading address 0x0000000000000004


Register to memory mapping:

RIP=0x00007ffd931f618c jvm.dll
RAX=0x0 is NULL
RBX=0x0 is NULL
RCX=0x000000af795fecd0 points into unknown readable memory: 0x0000000000000000 | 00 00 00 00 00 00 00 00
RDX=0x0 is NULL
RSP=0x000000af795fecb0 points into unknown readable memory: 0x000000af795fee10 | 10 ee 5f 79 af 00 00 00
RBP=0x000000af795fee10 points into unknown readable memory: 0xffffffffffffffff | ff ff ff ff ff ff ff ff
RSI=0x0 is NULL
RDI=0x000000af795ff420 points into unknown readable memory: 0x00007ffd934421e8 | e8 21 44 93 fd 7f 00 00
R8 =0x0 is NULL
R9 =0x0000029bd6c3adc8 is pointing into metadata
R10=0x000000af795ff420 points into unknown readable memory: 0x00007ffd934421e8 | e8 21 44 93 fd 7f 00 00
R11={method} {0x0000029bd6c3b400} 'main' '([Ljava/lang/String;)V' in 'insertionSort'
R12=0x00007ffd92b10000 jvm.dll
R13=0x0000029bd72076d8 points into unknown readable memory: 0x0000001d11429a00 | 00 9a 42 11 1d 00 00 00
R14=0x000000af795fed40 points into unknown readable memory: 0x0000000000000000 | 00 00 00 00 00 00 00 00
R15=0x000000000000004c is an unknown value


Registers:
RAX=0x0000000000000000, RBX=0x0000000000000000, RCX=0x000000af795fecd0, RDX=0x0000000000000000
RSP=0x000000af795fecb0, RBP=0x000000af795fee10, RSI=0x0000000000000000, RDI=0x000000af795ff420
R8 =0x0000000000000000, R9 =0x0000029bd6c3adc8, R10=0x000000af795ff420, R11=0x0000029bd6c3b3f8
R12=0x00007ffd92b10000, R13=0x0000029bd72076d8, R14=0x000000af795fed40, R15=0x000000000000004c
RIP=0x00007ffd931f618c, EFLAGS=0x0000000000010246

Top of Stack: (sp=0x000000af795fecb0)
0x000000af795fecb0:   000000af795fee10 0000000000000000
0x000000af795fecc0:   000000af795ff420 0000000000000000
0x000000af795fecd0:   0000000000000000 00007ffd92d4a62e
0x000000af795fece0:   000000af795fed68 0000000000000000
0x000000af795fecf0:   0000000800410068 0000000000000000
0x000000af795fed00:   0000029bd6c3b37b 00007ffd92e3d55f
0x000000af795fed10:   0000000000000000 0000000000000000
0x000000af795fed20:   0000000000000000 0000000000000000
0x000000af795fed30:   0000000000000000 0000000000000000
0x000000af795fed40:   0000000000000000 00007ffd00000063
0x000000af795fed50:   0000000000000000 000000af795fed98
0x000000af795fed60:   0000000000000000 0000000800416470
0x000000af795fed70:   0000001500000014 0000000000000015
0x000000af795fed80:   000000030000000e 0000000800410068
0x000000af795fed90:   0000000000000000 0000000000000000
0x000000af795feda0:   000000af795ff4f0 00007ffd931f55b2 

Instructions: (pc=0x00007ffd931f618c)
0x00007ffd931f608c:   47 1c 03 00 00 00 44 89 47 0c 44 89 47 08 44 3b
0x00007ffd931f609c:   c3 7c 17 c7 47 1c ff ff ff ff 48 8b 5c 24 30 48
0x00007ffd931f60ac:   8b 74 24 38 48 83 c4 20 5f c3 0f be 4c 30 07 e8
0x00007ffd931f60bc:   80 fc ff ff 48 83 c6 06 89 47 18 83 e8 0c 74 50
0x00007ffd931f60cc:   83 f8 01 75 34 49 63 c0 48 3b c3 7d 18 0f 1f 80
0x00007ffd931f60dc:   00 00 00 00 80 3c 30 5b 75 0b 41 ff c0 48 ff c0
0x00007ffd931f60ec:   48 3b c3 7c ef 49 63 c8 41 8b c0 2b 47 0c 48 03
0x00007ffd931f60fc:   ce 89 47 14 80 39 4c 74 1d 41 8d 58 01 89 5f 0c
0x00007ffd931f610c:   48 8b 5c 24 30 48 8b 74 24 38 48 83 c4 20 5f c3
0x00007ffd931f611c:   49 63 c8 48 03 ce 8b c3 ba 3b 00 00 00 41 2b c0
0x00007ffd931f612c:   4c 63 c0 e8 dc f6 13 00 48 85 c0 74 06 8b d8 2b
0x00007ffd931f613c:   de ff c3 48 8b 74 24 38 89 5f 0c 48 8b 5c 24 30
0x00007ffd931f614c:   48 83 c4 20 5f c3 cc cc cc cc cc cc cc cc cc cc
0x00007ffd931f615c:   cc cc cc cc 41 56 48 83 ec 50 83 79 08 63 4c 8b
0x00007ffd931f616c:   f1 0f 85 d3 00 00 00 48 8b 01 48 8d 4c 24 20 48
0x00007ffd931f617c:   89 44 24 20 48 89 5c 24 60 33 db 48 89 74 24 68
0x00007ffd931f618c:   0f b7 40 04 89 44 24 30 48 8b 05 cd f7 40 00 48
0x00007ffd931f619c:   89 44 24 40 c7 44 24 3c 01 00 00 00 c7 44 24 2c
0x00007ffd931f61ac:   01 00 00 00 c7 44 24 28 01 00 00 00 89 5c 24 34
0x00007ffd931f61bc:   48 89 5c 24 48 e8 7a fe ff ff 48 8d 4c 24 20 e8
0x00007ffd931f61cc:   b0 00 00 00 8b 44 24 38 48 8b 4c 24 40 41 89 46
0x00007ffd931f61dc:   08 e8 ae e8 04 00 48 8b 74 24 48 48 85 f6 74 45
0x00007ffd931f61ec:   39 1e 7e 41 48 89 7c 24 70 8b fb 66 0f 1f 84 00
0x00007ffd931f61fc:   00 00 00 00 48 8b 4e 08 48 8b 0c 39 e8 83 e8 04
0x00007ffd931f620c:   00 ff c3 48 8d 7f 08 3b 1e 7c e9 41 8b 46 08 48
0x00007ffd931f621c:   8b 7c 24 70 48 8b 5c 24 60 48 8b 74 24 68 48 83
0x00007ffd931f622c:   c4 50 41 5e c3 41 8b 46 08 48 8b 5c 24 60 48 8b
0x00007ffd931f623c:   74 24 68 48 83 c4 50 41 5e c3 8b 41 08 48 83 c4
0x00007ffd931f624c:   50 41 5e c3 48 8d 42 ff 48 83 f8 fd 77 14 48 3b
0x00007ffd931f625c:   51 10 74 19 48 89 51 10 48 d1 ea 83 e2 0f 89 51
0x00007ffd931f626c:   08 c3 48 89 51 10 c7 41 08 63 00 00 00 c3 cc cc
0x00007ffd931f627c:   cc cc cc cc 40 53 48 83 ec 20 8b 41 1c 48 8b d9 


Stack slot to memory mapping:
stack at sp + 0 slots: 0x000000af795fee10 points into unknown readable memory: 0xffffffffffffffff | ff ff ff ff ff ff ff ff
stack at sp + 1 slots: 0x0 is NULL
stack at sp + 2 slots: 0x000000af795ff420 points into unknown readable memory: 0x00007ffd934421e8 | e8 21 44 93 fd 7f 00 00
stack at sp + 3 slots: 0x0 is NULL
stack at sp + 4 slots: 0x0 is NULL
stack at sp + 5 slots: 0x00007ffd92d4a62e jvm.dll
stack at sp + 6 slots: 0x000000af795fed68 points into unknown readable memory: 0x0000000800416470 | 70 64 41 00 08 00 00 00
stack at sp + 7 slots: 0x0 is NULL

VM_Operation (0x000000af7a1ff2e0): get/set locals, mode: safepoint, requested by thread 0x0000029bd7244690


---------------  P R O C E S S  ---------------

Threads class SMR info:
_java_thread_list=0x0000029bd73364e0, length=15, elements={
0x0000029bb3394790, 0x0000029bd6404e20, 0x0000029bd6406390, 0x0000029bd6417ef0,
0x0000029bd641b820, 0x0000029bd641c8d0, 0x0000029bd6421e90, 0x0000029bd6423ac0,
0x0000029bd6426c70, 0x0000029bd64365a0, 0x0000029bd70b2c50, 0x0000029bd7244690,
0x0000029bd71b6ff0, 0x0000029bd71a5830, 0x0000029bd7255e30
}

Java Threads: ( => current thread )
  0x0000029bb3394790 JavaThread "main" [_thread_blocked, id=18700, stack(0x000000af78f00000,0x000000af79000000)]
  0x0000029bd6404e20 JavaThread "Reference Handler" daemon [_thread_blocked, id=24376, stack(0x000000af79600000,0x000000af79700000)]
  0x0000029bd6406390 JavaThread "Finalizer" daemon [_thread_blocked, id=8908, stack(0x000000af79700000,0x000000af79800000)]
  0x0000029bd6417ef0 JavaThread "Signal Dispatcher" daemon [_thread_blocked, id=19464, stack(0x000000af79800000,0x000000af79900000)]
  0x0000029bd641b820 JavaThread "Attach Listener" daemon [_thread_blocked, id=20452, stack(0x000000af79900000,0x000000af79a00000)]
  0x0000029bd641c8d0 JavaThread "Service Thread" daemon [_thread_blocked, id=13596, stack(0x000000af79a00000,0x000000af79b00000)]
  0x0000029bd6421e90 JavaThread "Monitor Deflation Thread" daemon [_thread_blocked, id=2304, stack(0x000000af79b00000,0x000000af79c00000)]
  0x0000029bd6423ac0 JavaThread "C2 CompilerThread0" daemon [_thread_blocked, id=20904, stack(0x000000af79c00000,0x000000af79d00000)]
  0x0000029bd6426c70 JavaThread "C1 CompilerThread0" daemon [_thread_blocked, id=5772, stack(0x000000af79d00000,0x000000af79e00000)]
  0x0000029bd64365a0 JavaThread "Sweeper thread" daemon [_thread_blocked, id=22144, stack(0x000000af79e00000,0x000000af79f00000)]
  0x0000029bd70b2c50 JavaThread "Common-Cleaner" daemon [_thread_blocked, id=520, stack(0x000000af79f00000,0x000000af7a000000)]
  0x0000029bd7244690 JavaThread "JDWP Transport Listener: dt_socket" daemon [_thread_blocked, id=24176, stack(0x000000af7a100000,0x000000af7a200000)]
  0x0000029bd71b6ff0 JavaThread "JDWP Event Helper Thread" daemon [_thread_blocked, id=11536, stack(0x000000af7a200000,0x000000af7a300000)]
  0x0000029bd71a5830 JavaThread "JDWP Command Reader" daemon [_thread_in_native, id=11352, stack(0x000000af7a300000,0x000000af7a400000)]
  0x0000029bd7255e30 JavaThread "Notification Thread" daemon [_thread_blocked, id=18376, stack(0x000000af7a400000,0x000000af7a500000)]

Other Threads:
=>0x0000029bd63ffb20 VMThread "VM Thread" [stack: 0x000000af79500000,0x000000af79600000] [id=15916]
  0x0000029bb33955a0 WatcherThread [stack: 0x000000af7a500000,0x000000af7a600000] [id=23596]
  0x0000029bb33e2d40 GCTaskThread "GC Thread#0" [stack: 0x000000af79000000,0x000000af79100000] [id=22804]
  0x0000029bb33f1310 ConcurrentGCThread "G1 Main Marker" [stack: 0x000000af79100000,0x000000af79200000] [id=8928]
  0x0000029bb33f1c90 ConcurrentGCThread "G1 Conc#0" [stack: 0x000000af79200000,0x000000af79300000] [id=19860]
  0x0000029bb346eb20 ConcurrentGCThread "G1 Refine#0" [stack: 0x000000af79300000,0x000000af79400000] [id=24804]
  0x0000029bd62b2a10 ConcurrentGCThread "G1 Service" [stack: 0x000000af79400000,0x000000af79500000] [id=26544]

Threads with active compile tasks:

VM state: at safepoint (normal execution)

VM Mutex/Monitor currently owned by a thread:  ([mutex/lock_event])
[0x0000029bb338f250] Threads_lock - owner thread: 0x0000029bd63ffb20

Heap address: 0x0000000701800000, size: 4072 MB, Compressed Oops mode: Zero based, Oop shift amount: 3

CDS archive(s) mapped at: [0x0000000800000000-0x0000000800bb0000-0x0000000800bb0000), size 12255232, SharedBaseAddress: 0x0000000800000000, ArchiveRelocationMode: 0.
Compressed class space mapped at: 0x0000000800c00000-0x0000000840c00000, reserved size: 1073741824
Narrow klass base: 0x0000000800000000, Narrow klass shift: 3, Narrow klass range: 0x100000000

GC Precious Log:
 CPUs: 12 total, 12 available
 Memory: 16284M
 Large Page Support: Disabled
 NUMA Support: Disabled
 Compressed Oops: Enabled (Zero based)
 Heap Region Size: 2M
 Heap Min Capacity: 8M
 Heap Initial Capacity: 256M
 Heap Max Capacity: 4072M
 Pre-touch: Disabled
 Parallel Workers: 10
 Concurrent Workers: 3
 Concurrent Refinement Workers: 10
 Periodic GC: Disabled

Heap:
 garbage-first heap   total 262144K, used 6144K [0x0000000701800000, 0x0000000800000000)
  region size 2048K, 4 young (8192K), 0 survivors (0K)
 Metaspace       used 2748K, committed 2944K, reserved 1056768K
  class space    used 238K, committed 320K, reserved 1048576K

Heap Regions: E=young(eden), S=young(survivor), O=old, HS=humongous(starts), HC=humongous(continues), CS=collection set, F=free, OA=open archive, CA=closed archive, TAMS=top-at-mark-start (previous, next)
|   0|0x0000000701800000, 0x0000000701800000, 0x0000000701a00000|  0%| F|  |TAMS 0x0000000701800000, 0x0000000701800000| Untracked 
|   1|0x0000000701a00000, 0x0000000701a00000, 0x0000000701c00000|  0%| F|  |TAMS 0x0000000701a00000, 0x0000000701a00000| Untracked 
|   2|0x0000000701c00000, 0x0000000701c00000, 0x0000000701e00000|  0%| F|  |TAMS 0x0000000701c00000, 0x0000000701c00000| Untracked 
|   3|0x0000000701e00000, 0x0000000701e00000, 0x0000000702000000|  0%| F|  |TAMS 0x0000000701e00000, 0x0000000701e00000| Untracked 
|   4|0x0000000702000000, 0x0000000702000000, 0x0000000702200000|  0%| F|  |TAMS 0x0000000702000000, 0x0000000702000000| Untracked 
|   5|0x0000000702200000, 0x0000000702200000, 0x0000000702400000|  0%| F|  |TAMS 0x0000000702200000, 0x0000000702200000| Untracked 
|   6|0x0000000702400000, 0x0000000702400000, 0x0000000702600000|  0%| F|  |TAMS 0x0000000702400000, 0x0000000702400000| Untracked 
|   7|0x0000000702600000, 0x0000000702600000, 0x0000000702800000|  0%| F|  |TAMS 0x0000000702600000, 0x0000000702600000| Untracked 
|   8|0x0000000702800000, 0x0000000702800000, 0x0000000702a00000|  0%| F|  |TAMS 0x0000000702800000, 0x0000000702800000| Untracked 
|   9|0x0000000702a00000, 0x0000000702a00000, 0x0000000702c00000|  0%| F|  |TAMS 0x0000000702a00000, 0x0000000702a00000| Untracked 
|  10|0x0000000702c00000, 0x0000000702c00000, 0x0000000702e00000|  0%| F|  |TAMS 0x0000000702c00000, 0x0000000702c00000| Untracked 
|  11|0x0000000702e00000, 0x0000000702e00000, 0x0000000703000000|  0%| F|  |TAMS 0x0000000702e00000, 0x0000000702e00000| Untracked 
|  12|0x0000000703000000, 0x0000000703000000, 0x0000000703200000|  0%| F|  |TAMS 0x0000000703000000, 0x0000000703000000| Untracked 
|  13|0x0000000703200000, 0x0000000703200000, 0x0000000703400000|  0%| F|  |TAMS 0x0000000703200000, 0x0000000703200000| Untracked 
|  14|0x0000000703400000, 0x0000000703400000, 0x0000000703600000|  0%| F|  |TAMS 0x0000000703400000, 0x0000000703400000| Untracked 
|  15|0x0000000703600000, 0x0000000703600000, 0x0000000703800000|  0%| F|  |TAMS 0x0000000703600000, 0x0000000703600000| Untracked 
|  16|0x0000000703800000, 0x0000000703800000, 0x0000000703a00000|  0%| F|  |TAMS 0x0000000703800000, 0x0000000703800000| Untracked 
|  17|0x0000000703a00000, 0x0000000703a00000, 0x0000000703c00000|  0%| F|  |TAMS 0x0000000703a00000, 0x0000000703a00000| Untracked 
|  18|0x0000000703c00000, 0x0000000703c00000, 0x0000000703e00000|  0%| F|  |TAMS 0x0000000703c00000, 0x0000000703c00000| Untracked 
|  19|0x0000000703e00000, 0x0000000703e00000, 0x0000000704000000|  0%| F|  |TAMS 0x0000000703e00000, 0x0000000703e00000| Untracked 
|  20|0x0000000704000000, 0x0000000704000000, 0x0000000704200000|  0%| F|  |TAMS 0x0000000704000000, 0x0000000704000000| Untracked 
|  21|0x0000000704200000, 0x0000000704200000, 0x0000000704400000|  0%| F|  |TAMS 0x0000000704200000, 0x0000000704200000| Untracked 
|  22|0x0000000704400000, 0x0000000704400000, 0x0000000704600000|  0%| F|  |TAMS 0x0000000704400000, 0x0000000704400000| Untracked 
|  23|0x0000000704600000, 0x0000000704600000, 0x0000000704800000|  0%| F|  |TAMS 0x0000000704600000, 0x0000000704600000| Untracked 
|  24|0x0000000704800000, 0x0000000704800000, 0x0000000704a00000|  0%| F|  |TAMS 0x0000000704800000, 0x0000000704800000| Untracked 
|  25|0x0000000704a00000, 0x0000000704a00000, 0x0000000704c00000|  0%| F|  |TAMS 0x0000000704a00000, 0x0000000704a00000| Untracked 
|  26|0x0000000704c00000, 0x0000000704c00000, 0x0000000704e00000|  0%| F|  |TAMS 0x0000000704c00000, 0x0000000704c00000| Untracked 
|  27|0x0000000704e00000, 0x0000000704e00000, 0x0000000705000000|  0%| F|  |TAMS 0x0000000704e00000, 0x0000000704e00000| Untracked 
|  28|0x0000000705000000, 0x0000000705000000, 0x0000000705200000|  0%| F|  |TAMS 0x0000000705000000, 0x0000000705000000| Untracked 
|  29|0x0000000705200000, 0x0000000705200000, 0x0000000705400000|  0%| F|  |TAMS 0x0000000705200000, 0x0000000705200000| Untracked 
|  30|0x0000000705400000, 0x0000000705400000, 0x0000000705600000|  0%| F|  |TAMS 0x0000000705400000, 0x0000000705400000| Untracked 
|  31|0x0000000705600000, 0x0000000705600000, 0x0000000705800000|  0%| F|  |TAMS 0x0000000705600000, 0x0000000705600000| Untracked 
|  32|0x0000000705800000, 0x0000000705800000, 0x0000000705a00000|  0%| F|  |TAMS 0x0000000705800000, 0x0000000705800000| Untracked 
|  33|0x0000000705a00000, 0x0000000705a00000, 0x0000000705c00000|  0%| F|  |TAMS 0x0000000705a00000, 0x0000000705a00000| Untracked 
|  34|0x0000000705c00000, 0x0000000705c00000, 0x0000000705e00000|  0%| F|  |TAMS 0x0000000705c00000, 0x0000000705c00000| Untracked 
|  35|0x0000000705e00000, 0x0000000705e00000, 0x0000000706000000|  0%| F|  |TAMS 0x0000000705e00000, 0x0000000705e00000| Untracked 
|  36|0x0000000706000000, 0x0000000706000000, 0x0000000706200000|  0%| F|  |TAMS 0x0000000706000000, 0x0000000706000000| Untracked 
|  37|0x0000000706200000, 0x0000000706200000, 0x0000000706400000|  0%| F|  |TAMS 0x0000000706200000, 0x0000000706200000| Untracked 
|  38|0x0000000706400000, 0x0000000706400000, 0x0000000706600000|  0%| F|  |TAMS 0x0000000706400000, 0x0000000706400000| Untracked 
|  39|0x0000000706600000, 0x0000000706600000, 0x0000000706800000|  0%| F|  |TAMS 0x0000000706600000, 0x0000000706600000| Untracked 
|  40|0x0000000706800000, 0x0000000706800000, 0x0000000706a00000|  0%| F|  |TAMS 0x0000000706800000, 0x0000000706800000| Untracked 
|  41|0x0000000706a00000, 0x0000000706a00000, 0x0000000706c00000|  0%| F|  |TAMS 0x0000000706a00000, 0x0000000706a00000| Untracked 
|  42|0x0000000706c00000, 0x0000000706c00000, 0x0000000706e00000|  0%| F|  |TAMS 0x0000000706c00000, 0x0000000706c00000| Untracked 
|  43|0x0000000706e00000, 0x0000000706e00000, 0x0000000707000000|  0%| F|  |TAMS 0x0000000706e00000, 0x0000000706e00000| Untracked 
|  44|0x0000000707000000, 0x0000000707000000, 0x0000000707200000|  0%| F|  |TAMS 0x0000000707000000, 0x0000000707000000| Untracked 
|  45|0x0000000707200000, 0x0000000707200000, 0x0000000707400000|  0%| F|  |TAMS 0x0000000707200000, 0x0000000707200000| Untracked 
|  46|0x0000000707400000, 0x0000000707400000, 0x0000000707600000|  0%| F|  |TAMS 0x0000000707400000, 0x0000000707400000| Untracked 
|  47|0x0000000707600000, 0x0000000707600000, 0x0000000707800000|  0%| F|  |TAMS 0x0000000707600000, 0x0000000707600000| Untracked 
|  48|0x0000000707800000, 0x0000000707800000, 0x0000000707a00000|  0%| F|  |TAMS 0x0000000707800000, 0x0000000707800000| Untracked 
|  49|0x0000000707a00000, 0x0000000707a00000, 0x0000000707c00000|  0%| F|  |TAMS 0x0000000707a00000, 0x0000000707a00000| Untracked 
|  50|0x0000000707c00000, 0x0000000707c00000, 0x0000000707e00000|  0%| F|  |TAMS 0x0000000707c00000, 0x0000000707c00000| Untracked 
|  51|0x0000000707e00000, 0x0000000707e00000, 0x0000000708000000|  0%| F|  |TAMS 0x0000000707e00000, 0x0000000707e00000| Untracked 
|  52|0x0000000708000000, 0x0000000708000000, 0x0000000708200000|  0%| F|  |TAMS 0x0000000708000000, 0x0000000708000000| Untracked 
|  53|0x0000000708200000, 0x0000000708200000, 0x0000000708400000|  0%| F|  |TAMS 0x0000000708200000, 0x0000000708200000| Untracked 
|  54|0x0000000708400000, 0x0000000708400000, 0x0000000708600000|  0%| F|  |TAMS 0x0000000708400000, 0x0000000708400000| Untracked 
|  55|0x0000000708600000, 0x0000000708600000, 0x0000000708800000|  0%| F|  |TAMS 0x0000000708600000, 0x0000000708600000| Untracked 
|  56|0x0000000708800000, 0x0000000708800000, 0x0000000708a00000|  0%| F|  |TAMS 0x0000000708800000, 0x0000000708800000| Untracked 
|  57|0x0000000708a00000, 0x0000000708a00000, 0x0000000708c00000|  0%| F|  |TAMS 0x0000000708a00000, 0x0000000708a00000| Untracked 
|  58|0x0000000708c00000, 0x0000000708c00000, 0x0000000708e00000|  0%| F|  |TAMS 0x0000000708c00000, 0x0000000708c00000| Untracked 
|  59|0x0000000708e00000, 0x0000000708e00000, 0x0000000709000000|  0%| F|  |TAMS 0x0000000708e00000, 0x0000000708e00000| Untracked 
|  60|0x0000000709000000, 0x0000000709000000, 0x0000000709200000|  0%| F|  |TAMS 0x0000000709000000, 0x0000000709000000| Untracked 
|  61|0x0000000709200000, 0x0000000709200000, 0x0000000709400000|  0%| F|  |TAMS 0x0000000709200000, 0x0000000709200000| Untracked 
|  62|0x0000000709400000, 0x0000000709400000, 0x0000000709600000|  0%| F|  |TAMS 0x0000000709400000, 0x0000000709400000| Untracked 
|  63|0x0000000709600000, 0x0000000709600000, 0x0000000709800000|  0%| F|  |TAMS 0x0000000709600000, 0x0000000709600000| Untracked 
|  64|0x0000000709800000, 0x0000000709800000, 0x0000000709a00000|  0%| F|  |TAMS 0x0000000709800000, 0x0000000709800000| Untracked 
|  65|0x0000000709a00000, 0x0000000709a00000, 0x0000000709c00000|  0%| F|  |TAMS 0x0000000709a00000, 0x0000000709a00000| Untracked 
|  66|0x0000000709c00000, 0x0000000709c00000, 0x0000000709e00000|  0%| F|  |TAMS 0x0000000709c00000, 0x0000000709c00000| Untracked 
|  67|0x0000000709e00000, 0x0000000709e00000, 0x000000070a000000|  0%| F|  |TAMS 0x0000000709e00000, 0x0000000709e00000| Untracked 
|  68|0x000000070a000000, 0x000000070a000000, 0x000000070a200000|  0%| F|  |TAMS 0x000000070a000000, 0x000000070a000000| Untracked 
|  69|0x000000070a200000, 0x000000070a200000, 0x000000070a400000|  0%| F|  |TAMS 0x000000070a200000, 0x000000070a200000| Untracked 
|  70|0x000000070a400000, 0x000000070a400000, 0x000000070a600000|  0%| F|  |TAMS 0x000000070a400000, 0x000000070a400000| Untracked 
|  71|0x000000070a600000, 0x000000070a600000, 0x000000070a800000|  0%| F|  |TAMS 0x000000070a600000, 0x000000070a600000| Untracked 
|  72|0x000000070a800000, 0x000000070a800000, 0x000000070aa00000|  0%| F|  |TAMS 0x000000070a800000, 0x000000070a800000| Untracked 
|  73|0x000000070aa00000, 0x000000070aa00000, 0x000000070ac00000|  0%| F|  |TAMS 0x000000070aa00000, 0x000000070aa00000| Untracked 
|  74|0x000000070ac00000, 0x000000070ac00000, 0x000000070ae00000|  0%| F|  |TAMS 0x000000070ac00000, 0x000000070ac00000| Untracked 
|  75|0x000000070ae00000, 0x000000070ae00000, 0x000000070b000000|  0%| F|  |TAMS 0x000000070ae00000, 0x000000070ae00000| Untracked 
|  76|0x000000070b000000, 0x000000070b000000, 0x000000070b200000|  0%| F|  |TAMS 0x000000070b000000, 0x000000070b000000| Untracked 
|  77|0x000000070b200000, 0x000000070b200000, 0x000000070b400000|  0%| F|  |TAMS 0x000000070b200000, 0x000000070b200000| Untracked 
|  78|0x000000070b400000, 0x000000070b400000, 0x000000070b600000|  0%| F|  |TAMS 0x000000070b400000, 0x000000070b400000| Untracked 
|  79|0x000000070b600000, 0x000000070b600000, 0x000000070b800000|  0%| F|  |TAMS 0x000000070b600000, 0x000000070b600000| Untracked 
|  80|0x000000070b800000, 0x000000070b800000, 0x000000070ba00000|  0%| F|  |TAMS 0x000000070b800000, 0x000000070b800000| Untracked 
|  81|0x000000070ba00000, 0x000000070ba00000, 0x000000070bc00000|  0%| F|  |TAMS 0x000000070ba00000, 0x000000070ba00000| Untracked 
|  82|0x000000070bc00000, 0x000000070bc00000, 0x000000070be00000|  0%| F|  |TAMS 0x000000070bc00000, 0x000000070bc00000| Untracked 
|  83|0x000000070be00000, 0x000000070be00000, 0x000000070c000000|  0%| F|  |TAMS 0x000000070be00000, 0x000000070be00000| Untracked 
|  84|0x000000070c000000, 0x000000070c000000, 0x000000070c200000|  0%| F|  |TAMS 0x000000070c000000, 0x000000070c000000| Untracked 
|  85|0x000000070c200000, 0x000000070c200000, 0x000000070c400000|  0%| F|  |TAMS 0x000000070c200000, 0x000000070c200000| Untracked 
|  86|0x000000070c400000, 0x000000070c400000, 0x000000070c600000|  0%| F|  |TAMS 0x000000070c400000, 0x000000070c400000| Untracked 
|  87|0x000000070c600000, 0x000000070c600000, 0x000000070c800000|  0%| F|  |TAMS 0x000000070c600000, 0x000000070c600000| Untracked 
|  88|0x000000070c800000, 0x000000070c800000, 0x000000070ca00000|  0%| F|  |TAMS 0x000000070c800000, 0x000000070c800000| Untracked 
|  89|0x000000070ca00000, 0x000000070ca00000, 0x000000070cc00000|  0%| F|  |TAMS 0x000000070ca00000, 0x000000070ca00000| Untracked 
|  90|0x000000070cc00000, 0x000000070cc00000, 0x000000070ce00000|  0%| F|  |TAMS 0x000000070cc00000, 0x000000070cc00000| Untracked 
|  91|0x000000070ce00000, 0x000000070ce00000, 0x000000070d000000|  0%| F|  |TAMS 0x000000070ce00000, 0x000000070ce00000| Untracked 
|  92|0x000000070d000000, 0x000000070d000000, 0x000000070d200000|  0%| F|  |TAMS 0x000000070d000000, 0x000000070d000000| Untracked 
|  93|0x000000070d200000, 0x000000070d200000, 0x000000070d400000|  0%| F|  |TAMS 0x000000070d200000, 0x000000070d200000| Untracked 
|  94|0x000000070d400000, 0x000000070d400000, 0x000000070d600000|  0%| F|  |TAMS 0x000000070d400000, 0x000000070d400000| Untracked 
|  95|0x000000070d600000, 0x000000070d600000, 0x000000070d800000|  0%| F|  |TAMS 0x000000070d600000, 0x000000070d600000| Untracked 
|  96|0x000000070d800000, 0x000000070d800000, 0x000000070da00000|  0%| F|  |TAMS 0x000000070d800000, 0x000000070d800000| Untracked 
|  97|0x000000070da00000, 0x000000070da00000, 0x000000070dc00000|  0%| F|  |TAMS 0x000000070da00000, 0x000000070da00000| Untracked 
|  98|0x000000070dc00000, 0x000000070dc00000, 0x000000070de00000|  0%| F|  |TAMS 0x000000070dc00000, 0x000000070dc00000| Untracked 
|  99|0x000000070de00000, 0x000000070de00000, 0x000000070e000000|  0%| F|  |TAMS 0x000000070de00000, 0x000000070de00000| Untracked 
| 100|0x000000070e000000, 0x000000070e000000, 0x000000070e200000|  0%| F|  |TAMS 0x000000070e000000, 0x000000070e000000| Untracked 
| 101|0x000000070e200000, 0x000000070e200000, 0x000000070e400000|  0%| F|  |TAMS 0x000000070e200000, 0x000000070e200000| Untracked 
| 102|0x000000070e400000, 0x000000070e400000, 0x000000070e600000|  0%| F|  |TAMS 0x000000070e400000, 0x000000070e400000| Untracked 
| 103|0x000000070e600000, 0x000000070e600000, 0x000000070e800000|  0%| F|  |TAMS 0x000000070e600000, 0x000000070e600000| Untracked 
| 104|0x000000070e800000, 0x000000070e800000, 0x000000070ea00000|  0%| F|  |TAMS 0x000000070e800000, 0x000000070e800000| Untracked 
| 105|0x000000070ea00000, 0x000000070ea00000, 0x000000070ec00000|  0%| F|  |TAMS 0x000000070ea00000, 0x000000070ea00000| Untracked 
| 106|0x000000070ec00000, 0x000000070ec00000, 0x000000070ee00000|  0%| F|  |TAMS 0x000000070ec00000, 0x000000070ec00000| Untracked 
| 107|0x000000070ee00000, 0x000000070ee00000, 0x000000070f000000|  0%| F|  |TAMS 0x000000070ee00000, 0x000000070ee00000| Untracked 
| 108|0x000000070f000000, 0x000000070f000000, 0x000000070f200000|  0%| F|  |TAMS 0x000000070f000000, 0x000000070f000000| Untracked 
| 109|0x000000070f200000, 0x000000070f200000, 0x000000070f400000|  0%| F|  |TAMS 0x000000070f200000, 0x000000070f200000| Untracked 
| 110|0x000000070f400000, 0x000000070f400000, 0x000000070f600000|  0%| F|  |TAMS 0x000000070f400000, 0x000000070f400000| Untracked 
| 111|0x000000070f600000, 0x000000070f600000, 0x000000070f800000|  0%| F|  |TAMS 0x000000070f600000, 0x000000070f600000| Untracked 
| 112|0x000000070f800000, 0x000000070f800000, 0x000000070fa00000|  0%| F|  |TAMS 0x000000070f800000, 0x000000070f800000| Untracked 
| 113|0x000000070fa00000, 0x000000070fa00000, 0x000000070fc00000|  0%| F|  |TAMS 0x000000070fa00000, 0x000000070fa00000| Untracked 
| 114|0x000000070fc00000, 0x000000070fc00000, 0x000000070fe00000|  0%| F|  |TAMS 0x000000070fc00000, 0x000000070fc00000| Untracked 
| 115|0x000000070fe00000, 0x000000070fe00000, 0x0000000710000000|  0%| F|  |TAMS 0x000000070fe00000, 0x000000070fe00000| Untracked 
| 116|0x0000000710000000, 0x0000000710000000, 0x0000000710200000|  0%| F|  |TAMS 0x0000000710000000, 0x0000000710000000| Untracked 
| 117|0x0000000710200000, 0x0000000710200000, 0x0000000710400000|  0%| F|  |TAMS 0x0000000710200000, 0x0000000710200000| Untracked 
| 118|0x0000000710400000, 0x0000000710400000, 0x0000000710600000|  0%| F|  |TAMS 0x0000000710400000, 0x0000000710400000| Untracked 
| 119|0x0000000710600000, 0x0000000710600000, 0x0000000710800000|  0%| F|  |TAMS 0x0000000710600000, 0x0000000710600000| Untracked 
| 120|0x0000000710800000, 0x0000000710800000, 0x0000000710a00000|  0%| F|  |TAMS 0x0000000710800000, 0x0000000710800000| Untracked 
| 121|0x0000000710a00000, 0x0000000710a00000, 0x0000000710c00000|  0%| F|  |TAMS 0x0000000710a00000, 0x0000000710a00000| Untracked 
| 122|0x0000000710c00000, 0x0000000710c00000, 0x0000000710e00000|  0%| F|  |TAMS 0x0000000710c00000, 0x0000000710c00000| Untracked 
| 123|0x0000000710e00000, 0x0000000710e00000, 0x0000000711000000|  0%| F|  |TAMS 0x0000000710e00000, 0x0000000710e00000| Untracked 
| 124|0x0000000711000000, 0x0000000711071288, 0x0000000711200000| 22%| E|  |TAMS 0x0000000711000000, 0x0000000711000000| Complete 
| 125|0x0000000711200000, 0x0000000711400000, 0x0000000711400000|100%| E|CS|TAMS 0x0000000711200000, 0x0000000711200000| Complete 
| 126|0x0000000711400000, 0x0000000711600000, 0x0000000711600000|100%| E|CS|TAMS 0x0000000711400000, 0x0000000711400000| Complete 
| 127|0x0000000711600000, 0x0000000711800000, 0x0000000711800000|100%| E|CS|TAMS 0x0000000711600000, 0x0000000711600000| Complete 

Card table byte_map: [0x0000029bca860000,0x0000029bcb060000] _byte_map_base: 0x0000029bc7054000

Marking Bits (Prev, Next): (CMBitMap*) 0x0000029bb33e42d0, (CMBitMap*) 0x0000029bb33e4310
 Prev Bits: [0x0000029bcb860000, 0x0000029bcf800000)
 Next Bits: [0x0000029bcf800000, 0x0000029bd37a0000)

Polling page: 0x0000029bb2b70000

Metaspace:

Usage:
  Non-class:      2.45 MB used.
      Class:    238.98 KB used.
       Both:      2.68 MB used.

Virtual space:
  Non-class space:        8.00 MB reserved,       2.56 MB ( 32%) committed,  1 nodes.
      Class space:        1.00 GB reserved,     320.00 KB ( <1%) committed,  1 nodes.
              Both:        1.01 GB reserved,       2.88 MB ( <1%) committed. 

Chunk freelists:
   Non-Class:  3.75 MB
       Class:  3.72 MB
        Both:  7.47 MB

MaxMetaspaceSize: 17179869184.00 GB
CompressedClassSpaceSize: 1.00 GB
 - commit_granule_bytes: 65536.
 - commit_granule_words: 8192.
 - virtual_space_node_default_size: 1048576.
 - enlarge_chunks_in_place: 1.
 - new_chunks_are_fully_committed: 0.
 - uncommit_free_chunks: 1.
 - use_allocation_guard: 0.
 - handle_deallocations: 1.


Internal statistics:

num_allocs_failed_limit: 0.
num_arena_births: 12.
num_arena_deaths: 0.
num_vsnodes_births: 2.
num_vsnodes_deaths: 0.
num_space_committed: 46.
num_space_uncommitted: 0.
num_chunks_returned_to_freelist: 0.
num_chunks_taken_from_freelist: 34.
num_chunk_merges: 0.
num_chunk_splits: 17.
num_chunks_enlarged: 9.
num_purges: 0.

CodeHeap 'non-profiled nmethods': size=120000Kb used=146Kb max_used=146Kb free=119853Kb
 bounds [0x0000029bc25e0000, 0x0000029bc2850000, 0x0000029bc9b10000]
CodeHeap 'profiled nmethods': size=120000Kb used=570Kb max_used=570Kb free=119429Kb
 bounds [0x0000029bbb0b0000, 0x0000029bbb320000, 0x0000029bc25e0000]
CodeHeap 'non-nmethods': size=5760Kb used=1220Kb max_used=1236Kb free=4539Kb
 bounds [0x0000029bbab10000, 0x0000029bbad80000, 0x0000029bbb0b0000]
 total_blobs=867 nmethods=435 adapters=345
 compilation: enabled
              stopped_count=0, restarted_count=0
 full_count=0

Compilation events (20 events):
Event: 456.959 Thread 0x0000029bd6426c70  437       1       sun.instrument.TransformerManager$TransformerInfo::transformer (5 bytes)
Event: 456.959 Thread 0x0000029bd6426c70 nmethod 437 0x0000029bc2604590 code [0x0000029bc2604720, 0x0000029bc26047f8]
Event: 456.959 Thread 0x0000029bd6426c70  439       3       org.eclipse.jdt.launching.internal.org.objectweb.asm.ClassReader::readUtf (161 bytes)
Event: 456.962 Thread 0x0000029bd6426c70 

Event: 456.962 Thread 0x0000029bd6426c70  438       3       org.eclipse.jdt.launching.internal.org.objectweb.asm.SymbolTable::addConstantUtf8 (20 bytes)
Event: 456.962 Thread 0x0000029bd6426c70 nmethod 438 0x0000029bbb13de90 code [0x0000029bbb13e060, 0x0000029bbb13e328]
Event: 502.593 Thread 0x0000029bd6426c70  440       3       org.eclipse.jdt.launching.internal.org.objectweb.asm.ClassReader::readUtf (161 bytes)
Event: 502.595 Thread 0x0000029bd6426c70 

Event: 566.681 Thread 0x0000029bd6426c70  442       3       org.eclipse.jdt.launching.internal.org.objectweb.asm.ClassReader::readUtf (161 bytes)
Event: 566.681 Thread 0x0000029bd6423ac0  441       4       org.eclipse.jdt.launching.internal.org.objectweb.asm.ClassReader::readUnsignedShort (26 bytes)
Event: 566.683 Thread 0x0000029bd6426c70 

Event: 566.683 Thread 0x0000029bd6423ac0 

Event: 662.514 Thread 0x0000029bd6426c70  443       1       java.security.ProtectionDomain::getCodeSource (5 bytes)
Event: 662.514 Thread 0x0000029bd6426c70 nmethod 443 0x0000029bc2604890 code [0x0000029bc2604a20, 0x0000029bc2604af8]
Event: 662.514 Thread 0x0000029bd6426c70  444       3       org.eclipse.jdt.launching.internal.org.objectweb.asm.ClassReader::readUtf (161 bytes)
Event: 662.516 Thread 0x0000029bd6426c70 

Event: 662.516 Thread 0x0000029bd6426c70  445       3       org.eclipse.jdt.launching.internal.org.objectweb.asm.ByteVector::putShort (52 bytes)
Event: 662.517 Thread 0x0000029bd6426c70 nmethod 445 0x0000029bbb13e490 code [0x0000029bbb13e640, 0x0000029bbb13e868]
Event: 777.090 Thread 0x0000029bd6423ac0  446       4       java.lang.AbstractStringBuilder::ensureCapacityInternal (39 bytes)
Event: 777.095 Thread 0x0000029bd6423ac0 


GC Heap History (0 events):
No events

Deoptimization events (20 events):
Event: 0.201 Thread 0x0000029bb3394790 DEOPT PACKING pc=0x0000029bbb1130e7 sp=0x000000af78ff7da0
Event: 0.201 Thread 0x0000029bb3394790 DEOPT UNPACKING pc=0x0000029bbab5dece sp=0x000000af78ff7208 mode 0
Event: 0.201 Thread 0x0000029bb3394790 DEOPT PACKING pc=0x0000029bbb1130e7 sp=0x000000af78ff7da0
Event: 0.201 Thread 0x0000029bb3394790 DEOPT UNPACKING pc=0x0000029bbab5dece sp=0x000000af78ff7208 mode 0
Event: 0.201 Thread 0x0000029bb3394790 DEOPT PACKING pc=0x0000029bbb1130e7 sp=0x000000af78ff7da0
Event: 0.201 Thread 0x0000029bb3394790 DEOPT UNPACKING pc=0x0000029bbab5dece sp=0x000000af78ff7208 mode 0
Event: 0.201 Thread 0x0000029bb3394790 DEOPT PACKING pc=0x0000029bbb1130e7 sp=0x000000af78ff7da0
Event: 0.201 Thread 0x0000029bb3394790 DEOPT UNPACKING pc=0x0000029bbab5dece sp=0x000000af78ff7208 mode 0
Event: 0.204 Thread 0x0000029bb3394790 DEOPT PACKING pc=0x0000029bbb1130e7 sp=0x000000af78ffb7d0
Event: 0.204 Thread 0x0000029bb3394790 DEOPT UNPACKING pc=0x0000029bbab5dece sp=0x000000af78ffac38 mode 0
Event: 0.204 Thread 0x0000029bb3394790 DEOPT PACKING pc=0x0000029bbb1130e7 sp=0x000000af78ffb7d0
Event: 0.204 Thread 0x0000029bb3394790 DEOPT UNPACKING pc=0x0000029bbab5dece sp=0x000000af78ffac38 mode 0
Event: 0.204 Thread 0x0000029bb3394790 DEOPT PACKING pc=0x0000029bbb1130e7 sp=0x000000af78ffb7d0
Event: 0.204 Thread 0x0000029bb3394790 DEOPT UNPACKING pc=0x0000029bbab5dece sp=0x000000af78ffac38 mode 0
Event: 0.205 Thread 0x0000029bb3394790 DEOPT PACKING pc=0x0000029bbb1130e7 sp=0x000000af78ff7d20
Event: 0.205 Thread 0x0000029bb3394790 DEOPT UNPACKING pc=0x0000029bbab5dece sp=0x000000af78ff7188 mode 0
Event: 0.232 Thread 0x0000029bb3394790 Uncommon trap: trap_request=0xffffff45 fr.pc=0x0000029bc25f23e8 relative=0x0000000000000048
Event: 0.232 Thread 0x0000029bb3394790 Uncommon trap: reason=unstable_if action=reinterpret pc=0x0000029bc25f23e8 method=java.lang.CharacterData.of(I)Ljava/lang/CharacterData; @ 4 c2
Event: 0.232 Thread 0x0000029bb3394790 DEOPT PACKING pc=0x0000029bc25f23e8 sp=0x000000af78ffe590
Event: 0.232 Thread 0x0000029bb3394790 DEOPT UNPACKING pc=0x0000029bbab5d72e sp=0x000000af78ffe530 mode 2

Classes unloaded (0 events):
No events

Classes redefined (11 events):
Event: 41.271 Thread 0x0000029bd63ffb20 redefined class name=insertionSort, count=1
Event: 131.877 Thread 0x0000029bd63ffb20 redefined class name=insertionSort, count=2
Event: 144.402 Thread 0x0000029bd63ffb20 redefined class name=insertionSort, count=3
Event: 203.860 Thread 0x0000029bd63ffb20 redefined class name=insertionSort, count=4
Event: 223.716 Thread 0x0000029bd63ffb20 redefined class name=insertionSort, count=5
Event: 279.615 Thread 0x0000029bd63ffb20 redefined class name=insertionSort, count=6
Event: 456.960 Thread 0x0000029bd63ffb20 redefined class name=insertionSort, count=7
Event: 502.594 Thread 0x0000029bd63ffb20 redefined class name=insertionSort, count=8
Event: 566.681 Thread 0x0000029bd63ffb20 redefined class name=insertionSort, count=9
Event: 662.515 Thread 0x0000029bd63ffb20 redefined class name=insertionSort, count=10
Event: 777.091 Thread 0x0000029bd63ffb20 redefined class name=insertionSort, count=11

Internal exceptions (1 events):
Event: 0.179 Thread 0x0000029bb3394790 Exception <a 'java/lang/NoSuchMethodError'{0x00000007115d6640}: 'java.lang.Object java.lang.invoke.DirectMethodHandle$Holder.invokeStatic(java.lang.Object)'> (0x00000007115d6640) 
thrown [t:\workspace\open\src\hotspot\share\interpreter\linkResolver.cpp, line 790]

Events (20 events):
Event: 681.032 Executing  VM operation: ChangeBreakpoints done
Event: 767.595 Executing  VM operation: get/set locals
Event: 767.595 Executing  VM operation: get/set locals done
Event: 767.596 Executing  VM operation: get/set locals
Event: 767.596 Executing  VM operation: get/set locals done
Event: 767.596 Executing  VM operation: get/set locals
Event: 767.596 Executing  VM operation: get/set locals done
Event: 767.596 Executing  VM operation: get/set locals
Event: 767.597 Executing  VM operation: get/set locals done
Event: 774.580 Executing  VM operation: ChangeBreakpoints
Event: 774.580 Executing  VM operation: ChangeBreakpoints done
Event: 777.090 Executing  VM operation: RedefineClasses
Event: 777.092 Executing  VM operation: RedefineClasses done
Event: 777.103 Executing  VM operation: ChangeBreakpoints
Event: 777.103 Executing  VM operation: ChangeBreakpoints done
Event: 786.652 Executing  VM operation: ChangeSingleStep
Event: 786.652 Executing  VM operation: ChangeSingleStep done
Event: 786.653 Executing  VM operation: ChangeSingleStep
Event: 786.653 Executing  VM operation: ChangeSingleStep done
Event: 786.758 Executing  VM operation: get/set locals


Dynamic libraries:
0x00007ff6787b0000 - 0x00007ff6787c0000 	C:\Program Files\Java\jdk-16.0.1\bin\javaw.exe
0x00007ffdf3ab0000 - 0x00007ffdf3ca8000 	C:\WINDOWS\SYSTEM32\ntdll.dll
0x00007ffdf1b10000 - 0x00007ffdf1bcd000 	C:\WINDOWS\System32\KERNEL32.DLL
0x00007ffdf12e0000 - 0x00007ffdf15ae000 	C:\WINDOWS\System32\KERNELBASE.dll
0x00007ffdf17b0000 - 0x00007ffdf18b0000 	C:\WINDOWS\System32\ucrtbase.dll
0x00007ffde9060000 - 0x00007ffde9079000 	C:\Program Files\Java\jdk-16.0.1\bin\VCRUNTIME140.dll
0x00007ffdd9ce0000 - 0x00007ffdd9cf8000 	C:\Program Files\Java\jdk-16.0.1\bin\jli.dll
0x00007ffdf1c30000 - 0x00007ffdf1cde000 	C:\WINDOWS\System32\ADVAPI32.dll
0x00007ffdf2f40000 - 0x00007ffdf2fde000 	C:\WINDOWS\System32\msvcrt.dll
0x00007ffdf2ea0000 - 0x00007ffdf2f3c000 	C:\WINDOWS\System32\sechost.dll
0x00007ffdf1f40000 - 0x00007ffdf2065000 	C:\WINDOWS\System32\RPCRT4.dll
0x00007ffdf33f0000 - 0x00007ffdf3590000 	C:\WINDOWS\System32\USER32.dll
0x00007ffdd85d0000 - 0x00007ffdd886a000 	C:\WINDOWS\WinSxS\amd64_microsoft.windows.common-controls_6595b64144ccf1df_6.0.19041.1110_none_60b5254171f9507e\COMCTL32.dll
0x00007ffdf11d0000 - 0x00007ffdf11f2000 	C:\WINDOWS\System32\win32u.dll
0x00007ffdf23c0000 - 0x00007ffdf23ea000 	C:\WINDOWS\System32\GDI32.dll
0x00007ffdf19b0000 - 0x00007ffdf1abb000 	C:\WINDOWS\System32\gdi32full.dll
0x00007ffdec260000 - 0x00007ffdec26a000 	C:\WINDOWS\SYSTEM32\VERSION.dll
0x00007ffdf15b0000 - 0x00007ffdf164d000 	C:\WINDOWS\System32\msvcp_win.dll
0x00007ffdf2390000 - 0x00007ffdf23c0000 	C:\WINDOWS\System32\IMM32.DLL
0x00007ffde9f40000 - 0x00007ffde9f4c000 	C:\Program Files\Java\jdk-16.0.1\bin\vcruntime140_1.dll
0x00007ffdccf00000 - 0x00007ffdccf91000 	C:\Program Files\Java\jdk-16.0.1\bin\msvcp140.dll
0x00007ffd92b10000 - 0x00007ffd936bb000 	C:\Program Files\Java\jdk-16.0.1\bin\server\jvm.dll
0x00007ffdf2380000 - 0x00007ffdf2388000 	C:\WINDOWS\System32\PSAPI.DLL
0x00007ffdebb80000 - 0x00007ffdebba7000 	C:\WINDOWS\SYSTEM32\WINMM.dll
0x00007ffdeb350000 - 0x00007ffdeb359000 	C:\WINDOWS\SYSTEM32\WSOCK32.dll
0x00007ffdf3590000 - 0x00007ffdf35fb000 	C:\WINDOWS\System32\WS2_32.dll
0x00007ffdef0d0000 - 0x00007ffdef0e2000 	C:\WINDOWS\SYSTEM32\kernel.appcore.dll
0x00007ffde9c30000 - 0x00007ffde9c3a000 	C:\Program Files\Java\jdk-16.0.1\bin\jimage.dll
0x00007ffdea240000 - 0x00007ffdea424000 	C:\WINDOWS\SYSTEM32\DBGHELP.DLL
0x00007ffdea4d0000 - 0x00007ffdea4fc000 	C:\WINDOWS\SYSTEM32\dbgcore.DLL
0x00007ffdf1920000 - 0x00007ffdf19a2000 	C:\WINDOWS\System32\bcryptPrimitives.dll
0x00007ffdd0d20000 - 0x00007ffdd0d5b000 	C:\Program Files\Java\jdk-16.0.1\bin\jdwp.dll
0x00007ffde4e10000 - 0x00007ffde4e1e000 	C:\Program Files\Java\jdk-16.0.1\bin\instrument.dll
0x00007ffdd1620000 - 0x00007ffdd1645000 	C:\Program Files\Java\jdk-16.0.1\bin\java.dll
0x00007ffdf23f0000 - 0x00007ffdf2b34000 	C:\WINDOWS\System32\SHELL32.dll
0x00007ffdef2d0000 - 0x00007ffdefa64000 	C:\WINDOWS\SYSTEM32\windows.storage.dll
0x00007ffdf2b40000 - 0x00007ffdf2e94000 	C:\WINDOWS\System32\combase.dll
0x00007ffdf0c30000 - 0x00007ffdf0c60000 	C:\WINDOWS\SYSTEM32\Wldp.dll
0x00007ffdf2fe0000 - 0x00007ffdf308d000 	C:\WINDOWS\System32\SHCORE.dll
0x00007ffdf2270000 - 0x00007ffdf22c5000 	C:\WINDOWS\System32\shlwapi.dll
0x00007ffdf1110000 - 0x00007ffdf112f000 	C:\WINDOWS\SYSTEM32\profapi.dll
0x00007ffdd9d10000 - 0x00007ffdd9d1c000 	C:\Program Files\Java\jdk-16.0.1\bin\dt_socket.dll
0x00007ffdf0630000 - 0x00007ffdf066b000 	C:\WINDOWS\SYSTEM32\IPHLPAPI.DLL
0x00007ffdf0990000 - 0x00007ffdf09fa000 	C:\WINDOWS\system32\mswsock.dll
0x00007ffdf0670000 - 0x00007ffdf073a000 	C:\WINDOWS\SYSTEM32\DNSAPI.dll
0x00007ffdf2370000 - 0x00007ffdf2378000 	C:\WINDOWS\System32\NSI.dll
0x00007ffdeadb0000 - 0x00007ffdeadba000 	C:\Windows\System32\rasadhlp.dll
0x00007ffdeadd0000 - 0x00007ffdeae50000 	C:\WINDOWS\System32\fwpuclnt.dll
0x00007ffdf12b0000 - 0x00007ffdf12d7000 	C:\WINDOWS\System32\bcrypt.dll
0x00007ffdd15b0000 - 0x00007ffdd15c8000 	C:\Program Files\Java\jdk-16.0.1\bin\zip.dll
0x00007ffdd2130000 - 0x00007ffdd2149000 	C:\Program Files\Java\jdk-16.0.1\bin\net.dll
0x00007ffde89d0000 - 0x00007ffde8ada000 	C:\WINDOWS\SYSTEM32\WINHTTP.dll
0x00007ffdd15d0000 - 0x00007ffdd15e3000 	C:\Program Files\Java\jdk-16.0.1\bin\nio.dll
0x00007ffde9330000 - 0x00007ffde9340000 	C:\Program Files\Java\jdk-16.0.1\bin\verify.dll

dbghelp: loaded successfully - version: 4.0.5 - missing functions: none
symbol engine: initialized successfully - sym options: 0x614 - pdb path: .;C:\Program Files\Java\jdk-16.0.1\bin;C:\WINDOWS\SYSTEM32;C:\WINDOWS\WinSxS\amd64_microsoft.windows.common-controls_6595b64144ccf1df_6.0.19041.1110_none_60b5254171f9507e;C:\Program Files\Java\jdk-16.0.1\bin\server

VM Arguments:
jvm_args: -XX:+ShowCodeDetailsInExceptionMessages -agentlib:jdwp=transport=dt_socket,suspend=y,address=localhost:49631 -javaagent:C:\Users\logan\eclipse\java-2021-06\eclipse\configuration\org.eclipse.osgi\222\0\.cp\lib\javaagent-shaded.jar -Dfile.encoding=Cp1252 
java_command: insertionSort
java_class_path (initial): C:\Users\logan\eclipse-workspace\CIS263Assignment1\bin
Launcher Type: SUN_STANDARD

[Global flags]
     intx CICompilerCount                          = 4                                         {product} {ergonomic}
     uint ConcGCThreads                            = 3                                         {product} {ergonomic}
     uint G1ConcRefinementThreads                  = 10                                        {product} {ergonomic}
   size_t G1HeapRegionSize                         = 2097152                                   {product} {ergonomic}
    uintx GCDrainStackTargetSize                   = 64                                        {product} {ergonomic}
   size_t InitialHeapSize                          = 268435456                                 {product} {ergonomic}
   size_t MarkStackSize                            = 4194304                                   {product} {ergonomic}
   size_t MaxHeapSize                              = 4269801472                                {product} {ergonomic}
   size_t MaxNewSize                               = 2560622592                                {product} {ergonomic}
   size_t MinHeapDeltaBytes                        = 2097152                                   {product} {ergonomic}
   size_t MinHeapSize                              = 8388608                                   {product} {ergonomic}
    uintx NonNMethodCodeHeapSize                   = 5839372                                {pd product} {ergonomic}
    uintx NonProfiledCodeHeapSize                  = 122909434                              {pd product} {ergonomic}
    uintx ProfiledCodeHeapSize                     = 122909434                              {pd product} {ergonomic}
    uintx ReservedCodeCacheSize                    = 251658240                              {pd product} {ergonomic}
     bool SegmentedCodeCache                       = true                                      {product} {ergonomic}
     bool ShowCodeDetailsInExceptionMessages       = true                                   {manageable} {command line}
   size_t SoftMaxHeapSize                          = 4269801472                             {manageable} {ergonomic}
     bool UseCompressedClassPointers               = true                           {product lp64_product} {ergonomic}
     bool UseCompressedOops                        = true                           {product lp64_product} {ergonomic}
     bool UseG1GC                                  = true                                      {product} {ergonomic}
     bool UseLargePagesIndividualAllocation        = false                                  {pd product} {ergonomic}

Logging:
Log output configuration:
 #0: stdout all=warning uptime,level,tags
 #1: stderr all=off uptime,level,tags

Environment Variables:
JAVA_HOME=C:\Program Files\Java\jdk-16.0.1
PATH=C:\Program Files\Common Files\Oracle\Java\javapath;C:\Program Files\Oculus\Support\oculus-runtime;C:\Program Files (x86)\Razer\ChromaBroadcast\bin;C:\Program Files\Razer\ChromaBroadcast\bin;C:\Program Files (x86)\Razer Chroma SDK\bin;C:\Program Files\Razer Chroma SDK\bin;C:\Program Files (x86)\Intel\Intel(R) Management Engine Components\iCLS\;C:\Program Files\Intel\Intel(R) Management Engine Components\iCLS\;C:\Windows\system32;C:\Windows;C:\Windows\System32\Wbem;C:\Windows\System32\WindowsPowerShell\v1.0\;C:\Program Files (x86)\Intel\Intel(R) Management Engine Components\DAL;C:\Program Files\Intel\Intel(R) Management Engine Components\DAL;C:\Program Files (x86)\Intel\Intel(R) Management Engine Components\IPT;C:\Program Files\Intel\Intel(R) Management Engine Components\IPT;C:\Program Files\Intel\WiFi\bin\;C:\Program Files\Common Files\Intel\WirelessCommon\;C:\Program Files (x86)\NVIDIA Corporation\PhysX\Common;C:\Users\Administrator\AppData\Local\Microsoft\WindowsApps;C:\Program Files\NVIDIA Corporation\NVIDIA NvDLISR;C:\Users\logan\AppData\Local\Microsoft\WindowsApps;C:\WINDOWS\system32;C:\WINDOWS;C:\WINDOWS\System32\Wbem;C:\WINDOWS\System32\WindowsPowerShell\v1.0\;C:\WINDOWS\System32\OpenSSH\;C:\Program Files\Java\jdk-16.0.1\bin;C:\Program Files\Git\cmd;C:\Program Files (x86)\Pulse Secure\VC142.CRT\X64\;C:\Program Files (x86)\Pulse Secure\VC142.CRT\X86\;C:\Users\logan\AppData\Local\Microsoft\WindowsApps;;C:\Users\logan\AppData\Local\Programs\Microsoft VS Code\bin
USERNAME=logan
OS=Windows_NT
PROCESSOR_IDENTIFIER=Intel64 Family 6 Model 158 Stepping 10, GenuineIntel



---------------  S Y S T E M  ---------------

OS:
 Windows 10 , 64 bit Build 19041 (10.0.19041.1889)
OS uptime: 1 days 12:24 hours

CPU: total 12 (initial active 12) (6 cores per cpu, 2 threads per core) family 6 model 158 stepping 10 microcode 0xb4, cx8, cmov, fxsr, ht, mmx, 3dnowpref, sse, sse2, sse3, ssse3, sse4.1, sse4.2, popcnt, lzcnt, tsc, tscinvbit, avx, avx2, aes, erms, clmul, bmi1, bmi2, adx, fma, vzeroupper, clflush, clflushopt

Memory: 4k page, system-wide physical 16284M (7055M free)
TotalPageFile size 18716M (AvailPageFile size 2666M)
current process WorkingSet (physical memory assigned to process): 44M, peak: 45M
current process commit charge ("private bytes"): 350M, peak: 353M

vm_info: Java HotSpot(TM) 64-Bit Server VM (16.0.1+9-24) for windows-amd64 JRE (16.0.1+9-24), built on Mar 26 2021 19:31:42 by "mach5one" with MS VC++ 16.7 (VS2019)

END.
